# JRE version: Java(TM) SE Runtime Environment (8.0_51-b16) (build 1.8.0_51-b16)
# Java VM: Java HotSpot(TM) 64-Bit Server VM (25.51-b03 mixed mode linux-amd64 compressed oops)
Heap:
 PSYoungGen      total 150016K, used 145745K [0x00000000d6d80000, 0x00000000e3000000, 0x0000000100000000)
  eden space 138752K, 96% used [0x00000000d6d80000,0x00000000df0d9930,0x00000000df500000)
  from space 11264K, 99% used [0x00000000df500000,0x00000000dfffab28,0x00000000e0000000)
  to   space 12800K, 0% used [0x00000000e2380000,0x00000000e2380000,0x00000000e3000000)
 ParOldGen       total 95744K, used 18208K [0x0000000084800000, 0x000000008a580000, 0x00000000d6d80000)
  object space 95744K, 19% used [0x0000000084800000,0x00000000859c8150,0x000000008a580000)
 Metaspace       used 47329K, capacity 47760K, committed 48256K, reserved 1091584K
  class space    used 6130K, capacity 6229K, committed 6272K, reserved 1048576K
GC Heap History (10 events):
Event: 2.140 GC heap before
{Heap before GC invocations=7 (full 1):
 PSYoungGen      total 68608K, used 63488K [0x00000000d6d80000, 0x00000000dfa80000, 0x0000000100000000)
  eden space 63488K, 100% used [0x00000000d6d80000,0x00000000dab80000,0x00000000dab80000)
  from space 5120K, 0% used [0x00000000dab80000,0x00000000dab80000,0x00000000db080000)
  to   space 8704K, 0% used [0x00000000df200000,0x00000000df200000,0x00000000dfa80000)
 ParOldGen       total 57856K, used 7443K [0x0000000084800000, 0x0000000088080000, 0x00000000d6d80000)
  object space 57856K, 12% used [0x0000000084800000,0x0000000084f44f78,0x0000000088080000)
 Metaspace       used 24075K, capacity 24432K, committed 24704K, reserved 1071104K
  class space    used 2990K, capacity 3093K, committed 3200K, reserved 1048576K
Event: 2.147 GC heap after
Heap after GC invocations=7 (full 1):
 PSYoungGen      total 100352K, used 5321K [0x00000000d6d80000, 0x00000000df780000, 0x0000000100000000)
  eden space 94720K, 0% used [0x00000000d6d80000,0x00000000d6d80000,0x00000000dca00000)
  from space 5632K, 94% used [0x00000000df200000,0x00000000df732670,0x00000000df780000)
  to   space 8192K, 0% used [0x00000000de780000,0x00000000de780000,0x00000000def80000)
 ParOldGen       total 57856K, used 7451K [0x0000000084800000, 0x0000000088080000, 0x00000000d6d80000)
  object space 57856K, 12% used [0x0000000084800000,0x0000000084f46f78,0x0000000088080000)
 Metaspace       used 24075K, capacity 24432K, committed 24704K, reserved 1071104K
  class space    used 2990K, capacity 3093K, committed 3200K, reserved 1048576K
}
Event: 2.836 GC heap before
{Heap before GC invocations=8 (full 1):
 PSYoungGen      total 100352K, used 100020K [0x00000000d6d80000, 0x00000000df780000, 0x0000000100000000)
  eden space 94720K, 99% used [0x00000000d6d80000,0x00000000dc9faac8,0x00000000dca00000)
  from space 5632K, 94% used [0x00000000df200000,0x00000000df732670,0x00000000df780000)
  to   space 8192K, 0% used [0x00000000de780000,0x00000000de780000,0x00000000def80000)
 ParOldGen       total 57856K, used 7451K [0x0000000084800000, 0x0000000088080000, 0x00000000d6d80000)
  object space 57856K, 12% used [0x0000000084800000,0x0000000084f46f78,0x0000000088080000)
 Metaspace       used 26683K, capacity 27026K, committed 27264K, reserved 1073152K
  class space    used 3354K, capacity 3456K, committed 3456K, reserved 1048576K
Event: 2.849 GC heap after
Heap after GC invocations=8 (full 1):
 PSYoungGen      total 133120K, used 7048K [0x00000000d6d80000, 0x00000000e0880000, 0x0000000100000000)
  eden space 124928K, 0% used [0x00000000d6d80000,0x00000000d6d80000,0x00000000de780000)
  from space 8192K, 86% used [0x00000000de780000,0x00000000dee62398,0x00000000def80000)
  to   space 8704K, 0% used [0x00000000e0000000,0x00000000e0000000,0x00000000e0880000)
 ParOldGen       total 57856K, used 7459K [0x0000000084800000, 0x0000000088080000, 0x00000000d6d80000)
  object space 57856K, 12% used [0x0000000084800000,0x0000000084f48f78,0x0000000088080000)
 Metaspace       used 26683K, capacity 27026K, committed 27264K, reserved 1073152K
  class space    used 3354K, capacity 3456K, committed 3456K, reserved 1048576K
}
Event: 3.449 GC heap before
{Heap before GC invocations=9 (full 1):
 PSYoungGen      total 133120K, used 74098K [0x00000000d6d80000, 0x00000000e0880000, 0x0000000100000000)
  eden space 124928K, 53% used [0x00000000d6d80000,0x00000000daefa590,0x00000000de780000)
  from space 8192K, 86% used [0x00000000de780000,0x00000000dee62398,0x00000000def80000)
  to   space 8704K, 0% used [0x00000000e0000000,0x00000000e0000000,0x00000000e0880000)
 ParOldGen       total 57856K, used 7459K [0x0000000084800000, 0x0000000088080000, 0x00000000d6d80000)
  object space 57856K, 12% used [0x0000000084800000,0x0000000084f48f78,0x0000000088080000)
 Metaspace       used 34896K, capacity 35242K, committed 35496K, reserved 1081344K
  class space    used 4456K, capacity 4548K, committed 4608K, reserved 1048576K
Event: 3.463 GC heap after
Heap after GC invocations=9 (full 1):
 PSYoungGen      total 147456K, used 8673K [0x00000000d6d80000, 0x00000000e3a80000, 0x0000000100000000)
  eden space 138752K, 0% used [0x00000000d6d80000,0x00000000d6d80000,0x00000000df500000)
  from space 8704K, 99% used [0x00000000e0000000,0x00000000e0878670,0x00000000e0880000)
  to   space 11264K, 0% used [0x00000000df500000,0x00000000df500000,0x00000000e0000000)
 ParOldGen       total 57856K, used 11488K [0x0000000084800000, 0x0000000088080000, 0x00000000d6d80000)
  object space 57856K, 19% used [0x0000000084800000,0x0000000085338350,0x0000000088080000)
 Metaspace       used 34896K, capacity 35242K, committed 35496K, reserved 1081344K
  class space    used 4456K, capacity 4548K, committed 4608K, reserved 1048576K
}
Event: 3.463 GC heap before
{Heap before GC invocations=10 (full 2):
 PSYoungGen      total 147456K, used 8673K [0x00000000d6d80000, 0x00000000e3a80000, 0x0000000100000000)
  eden space 138752K, 0% used [0x00000000d6d80000,0x00000000d6d80000,0x00000000df500000)
  from space 8704K, 99% used [0x00000000e0000000,0x00000000e0878670,0x00000000e0880000)
  to   space 11264K, 0% used [0x00000000df500000,0x00000000df500000,0x00000000e0000000)
 ParOldGen       total 57856K, used 11488K [0x0000000084800000, 0x0000000088080000, 0x00000000d6d80000)
  object space 57856K, 19% used [0x0000000084800000,0x0000000085338350,0x0000000088080000)
 Metaspace       used 34896K, capacity 35242K, committed 35496K, reserved 1081344K
  class space    used 4456K, capacity 4548K, committed 4608K, reserved 1048576K
Event: 3.517 GC heap after
Heap after GC invocations=10 (full 2):
 PSYoungGen      total 147456K, used 0K [0x00000000d6d80000, 0x00000000e3a80000, 0x0000000100000000)
  eden space 138752K, 0% used [0x00000000d6d80000,0x00000000d6d80000,0x00000000df500000)
  from space 8704K, 0% used [0x00000000e0000000,0x00000000e0000000,0x00000000e0880000)
  to   space 11264K, 0% used [0x00000000df500000,0x00000000df500000,0x00000000e0000000)
 ParOldGen       total 95744K, used 17847K [0x0000000084800000, 0x000000008a580000, 0x00000000d6d80000)
  object space 95744K, 18% used [0x0000000084800000,0x000000008596df98,0x000000008a580000)
 Metaspace       used 34896K, capacity 35242K, committed 35496K, reserved 1081344K
  class space    used 4456K, capacity 4548K, committed 4608K, reserved 1048576K
}
Event: 4.749 GC heap before
{Heap before GC invocations=11 (full 2):
 PSYoungGen      total 147456K, used 138752K [0x00000000d6d80000, 0x00000000e3a80000, 0x0000000100000000)
  eden space 138752K, 100% used [0x00000000d6d80000,0x00000000df500000,0x00000000df500000)
  from space 8704K, 0% used [0x00000000e0000000,0x00000000e0000000,0x00000000e0880000)
  to   space 11264K, 0% used [0x00000000df500000,0x00000000df500000,0x00000000e0000000)
 ParOldGen       total 95744K, used 17847K [0x0000000084800000, 0x000000008a580000, 0x00000000d6d80000)
  object space 95744K, 18% used [0x0000000084800000,0x000000008596df98,0x000000008a580000)
 Metaspace       used 42757K, capacity 43200K, committed 43648K, reserved 1087488K
  class space    used 5543K, capacity 5677K, committed 5760K, reserved 1048576K
Event: 4.762 GC heap after
Heap after GC invocations=11 (full 2):
 PSYoungGen      total 150016K, used 11242K [0x00000000d6d80000, 0x00000000e3000000, 0x0000000100000000)
  eden space 138752K, 0% used [0x00000000d6d80000,0x00000000d6d80000,0x00000000df500000)
  from space 11264K, 99% used [0x00000000df500000,0x00000000dfffab28,0x00000000e0000000)
  to   space 12800K, 0% used [0x00000000e2380000,0x00000000e2380000,0x00000000e3000000)
 ParOldGen       total 95744K, used 18208K [0x0000000084800000, 0x000000008a580000, 0x00000000d6d80000)
  object space 95744K, 19% used [0x0000000084800000,0x00000000859c8150,0x000000008a580000)
 Metaspace       used 42757K, capacity 43200K, committed 43648K, reserved 1087488K
  class space    used 5543K, capacity 5677K, committed 5760K, reserved 1048576K
}

